# JRE version: OpenJDK Runtime Environment Temurin-21.0.10+7 (21.0.10+7) (build 21.0.10+7-LTS)
# Java VM: OpenJDK 64-Bit Server VM Temurin-21.0.10+7 (21.0.10+7-LTS, mixed mode, sharing, tiered, compressed oops, compressed class ptrs, parallel gc, windows-amd64)
GC Precious Log:
 CardTable entry size: 512
 CPUs: 16 total, 16 available
 Memory: 15681M
 Large Page Support: Disabled
 NUMA Support: Disabled
 Compressed Oops: Enabled (32-bit)
 Alignments: Space 512K, Generation 512K, Heap 2M
 Heap Min Capacity: 100M
 Heap Initial Capacity: 100M
 Heap Max Capacity: 2G
 Pre-touch: Disabled
 Parallel Workers: 13
Heap:
 PSYoungGen      total 19968K, used 19504K [0x00000000d5580000, 0x00000000d6b80000, 0x0000000100000000)
  eden space 18432K, 97% used [0x00000000d5580000,0x00000000d6723b68,0x00000000d6780000)
  from space 1536K, 93% used [0x00000000d6900000,0x00000000d6a68598,0x00000000d6a80000)
  to   space 1024K, 0% used [0x00000000d6a80000,0x00000000d6a80000,0x00000000d6b80000)
 ParOldGen       total 68608K, used 37448K [0x0000000080000000, 0x0000000084300000, 0x00000000d5580000)
  object space 68608K, 54% used [0x0000000080000000,0x0000000082492340,0x0000000084300000)
 Metaspace       used 44908K, committed 45952K, reserved 1114112K
  class space    used 4469K, committed 4928K, reserved 1048576K
GC Heap History (20 events):
Event: 14.386 GC heap before
{Heap before GC invocations=18 (full 2):
 PSYoungGen      total 24576K, used 24249K [0x00000000d5580000, 0x00000000d7080000, 0x0000000100000000)
  eden space 22016K, 100% used [0x00000000d5580000,0x00000000d6b00000,0x00000000d6b00000)
  from space 2560K, 87% used [0x00000000d6b00000,0x00000000d6d2e440,0x00000000d6d80000)
  to   space 2560K, 0% used [0x00000000d6e00000,0x00000000d6e00000,0x00000000d7080000)
 ParOldGen       total 68608K, used 20015K [0x0000000080000000, 0x0000000084300000, 0x00000000d5580000)
  object space 68608K, 29% used [0x0000000080000000,0x000000008138bf10,0x0000000084300000)
 Metaspace       used 37787K, committed 38848K, reserved 1114112K
  class space    used 3832K, committed 4288K, reserved 1048576K
}
Event: 14.390 GC heap after
{Heap after GC invocations=18 (full 2):
 PSYoungGen      total 24576K, used 2176K [0x00000000d5580000, 0x00000000d7080000, 0x0000000100000000)
  eden space 22016K, 0% used [0x00000000d5580000,0x00000000d5580000,0x00000000d6b00000)
  from space 2560K, 85% used [0x00000000d6e00000,0x00000000d7020010,0x00000000d7080000)
  to   space 2560K, 0% used [0x00000000d6b00000,0x00000000d6b00000,0x00000000d6d80000)
 ParOldGen       total 68608K, used 21918K [0x0000000080000000, 0x0000000084300000, 0x00000000d5580000)
  object space 68608K, 31% used [0x0000000080000000,0x00000000815679d0,0x0000000084300000)
 Metaspace       used 37787K, committed 38848K, reserved 1114112K
  class space    used 3832K, committed 4288K, reserved 1048576K
}
Event: 14.543 GC heap before
{Heap before GC invocations=19 (full 2):
 PSYoungGen      total 24576K, used 24192K [0x00000000d5580000, 0x00000000d7080000, 0x0000000100000000)
  eden space 22016K, 100% used [0x00000000d5580000,0x00000000d6b00000,0x00000000d6b00000)
  from space 2560K, 85% used [0x00000000d6e00000,0x00000000d7020010,0x00000000d7080000)
  to   space 2560K, 0% used [0x00000000d6b00000,0x00000000d6b00000,0x00000000d6d80000)
 ParOldGen       total 68608K, used 21918K [0x0000000080000000, 0x0000000084300000, 0x00000000d5580000)
  object space 68608K, 31% used [0x0000000080000000,0x00000000815679d0,0x0000000084300000)
 Metaspace       used 37908K, committed 38912K, reserved 1114112K
  class space    used 3851K, committed 4288K, reserved 1048576K
}
Event: 14.550 GC heap after
{Heap after GC invocations=19 (full 2):
 PSYoungGen      total 24576K, used 2488K [0x00000000d5580000, 0x00000000d7000000, 0x0000000100000000)
  eden space 22016K, 0% used [0x00000000d5580000,0x00000000d5580000,0x00000000d6b00000)
  from space 2560K, 97% used [0x00000000d6b00000,0x00000000d6d6e308,0x00000000d6d80000)
  to   space 2560K, 0% used [0x00000000d6d80000,0x00000000d6d80000,0x00000000d7000000)
 ParOldGen       total 68608K, used 23958K [0x0000000080000000, 0x0000000084300000, 0x00000000d5580000)
  object space 68608K, 34% used [0x0000000080000000,0x00000000817659e0,0x0000000084300000)
 Metaspace       used 37908K, committed 38912K, reserved 1114112K
  class space    used 3851K, committed 4288K, reserved 1048576K
}
Event: 14.694 GC heap before
{Heap before GC invocations=20 (full 2):
 PSYoungGen      total 24576K, used 24488K [0x00000000d5580000, 0x00000000d7000000, 0x0000000100000000)
  eden space 22016K, 99% used [0x00000000d5580000,0x00000000d6afbea0,0x00000000d6b00000)
  from space 2560K, 97% used [0x00000000d6b00000,0x00000000d6d6e308,0x00000000d6d80000)
  to   space 2560K, 0% used [0x00000000d6d80000,0x00000000d6d80000,0x00000000d7000000)
 ParOldGen       total 68608K, used 23958K [0x0000000080000000, 0x0000000084300000, 0x00000000d5580000)
  object space 68608K, 34% used [0x0000000080000000,0x00000000817659e0,0x0000000084300000)
 Metaspace       used 38059K, committed 39040K, reserved 1114112K
  class space    used 3863K, committed 4288K, reserved 1048576K
}
Event: 14.700 GC heap after
{Heap after GC invocations=20 (full 2):
 PSYoungGen      total 24576K, used 1888K [0x00000000d5580000, 0x00000000d7000000, 0x0000000100000000)
  eden space 22016K, 0% used [0x00000000d5580000,0x00000000d5580000,0x00000000d6b00000)
  from space 2560K, 73% used [0x00000000d6d80000,0x00000000d6f58000,0x00000000d7000000)
  to   space 2560K, 0% used [0x00000000d6b00000,0x00000000d6b00000,0x00000000d6d80000)
 ParOldGen       total 68608K, used 26126K [0x0000000080000000, 0x0000000084300000, 0x00000000d5580000)
  object space 68608K, 38% used [0x0000000080000000,0x0000000081983940,0x0000000084300000)
 Metaspace       used 38059K, committed 39040K, reserved 1114112K
  class space    used 3863K, committed 4288K, reserved 1048576K
}
Event: 14.895 GC heap before
{Heap before GC invocations=21 (full 2):
 PSYoungGen      total 24576K, used 23904K [0x00000000d5580000, 0x00000000d7000000, 0x0000000100000000)
  eden space 22016K, 100% used [0x00000000d5580000,0x00000000d6b00000,0x00000000d6b00000)
  from space 2560K, 73% used [0x00000000d6d80000,0x00000000d6f58000,0x00000000d7000000)
  to   space 2560K, 0% used [0x00000000d6b00000,0x00000000d6b00000,0x00000000d6d80000)
 ParOldGen       total 68608K, used 26126K [0x0000000080000000, 0x0000000084300000, 0x00000000d5580000)
  object space 68608K, 38% used [0x0000000080000000,0x0000000081983940,0x0000000084300000)
 Metaspace       used 38251K, committed 39232K, reserved 1114112K
  class space    used 3880K, committed 4288K, reserved 1048576K
}
Event: 14.901 GC heap after
{Heap after GC invocations=21 (full 2):
 PSYoungGen      total 24576K, used 2208K [0x00000000d5580000, 0x00000000d7000000, 0x0000000100000000)
  eden space 22016K, 0% used [0x00000000d5580000,0x00000000d5580000,0x00000000d6b00000)
  from space 2560K, 86% used [0x00000000d6b00000,0x00000000d6d28010,0x00000000d6d80000)
  to   space 2560K, 0% used [0x00000000d6d80000,0x00000000d6d80000,0x00000000d7000000)
 ParOldGen       total 68608K, used 27774K [0x0000000080000000, 0x0000000084300000, 0x00000000d5580000)
  object space 68608K, 40% used [0x0000000080000000,0x0000000081b1f940,0x0000000084300000)
 Metaspace       used 38251K, committed 39232K, reserved 1114112K
  class space    used 3880K, committed 4288K, reserved 1048576K
}
Event: 15.031 GC heap before
{Heap before GC invocations=22 (full 2):
 PSYoungGen      total 24576K, used 24224K [0x00000000d5580000, 0x00000000d7000000, 0x0000000100000000)
  eden space 22016K, 100% used [0x00000000d5580000,0x00000000d6b00000,0x00000000d6b00000)
  from space 2560K, 86% used [0x00000000d6b00000,0x00000000d6d28010,0x00000000d6d80000)
  to   space 2560K, 0% used [0x00000000d6d80000,0x00000000d6d80000,0x00000000d7000000)
 ParOldGen       total 68608K, used 27774K [0x0000000080000000, 0x0000000084300000, 0x00000000d5580000)
  object space 68608K, 40% used [0x0000000080000000,0x0000000081b1f940,0x0000000084300000)
 Metaspace       used 38321K, committed 39360K, reserved 1114112K
  class space    used 3889K, committed 4352K, reserved 1048576K
}
Event: 15.036 GC heap after
{Heap after GC invocations=22 (full 2):
 PSYoungGen      total 24576K, used 2048K [0x00000000d5580000, 0x00000000d7000000, 0x0000000100000000)
  eden space 22016K, 0% used [0x00000000d5580000,0x00000000d5580000,0x00000000d6b00000)
  from space 2560K, 80% used [0x00000000d6d80000,0x00000000d6f80000,0x00000000d7000000)
  to   space 2560K, 0% used [0x00000000d6b00000,0x00000000d6b00000,0x00000000d6d80000)
 ParOldGen       total 68608K, used 29822K [0x0000000080000000, 0x0000000084300000, 0x00000000d5580000)
  object space 68608K, 43% used [0x0000000080000000,0x0000000081d1fb40,0x0000000084300000)
 Metaspace       used 38321K, committed 39360K, reserved 1114112K
  class space    used 3889K, committed 4352K, reserved 1048576K
}
Event: 15.230 GC heap before
{Heap before GC invocations=23 (full 2):
 PSYoungGen      total 24576K, used 24064K [0x00000000d5580000, 0x00000000d7000000, 0x0000000100000000)
  eden space 22016K, 100% used [0x00000000d5580000,0x00000000d6b00000,0x00000000d6b00000)
  from space 2560K, 80% used [0x00000000d6d80000,0x00000000d6f80000,0x00000000d7000000)
  to   space 2560K, 0% used [0x00000000d6b00000,0x00000000d6b00000,0x00000000d6d80000)
 ParOldGen       total 68608K, used 29822K [0x0000000080000000, 0x0000000084300000, 0x00000000d5580000)
  object space 68608K, 43% used [0x0000000080000000,0x0000000081d1fb40,0x0000000084300000)
 Metaspace       used 38770K, committed 39808K, reserved 1114112K
  class space    used 3903K, committed 4352K, reserved 1048576K
}
Event: 15.235 GC heap after
{Heap after GC invocations=23 (full 2):
 PSYoungGen      total 24576K, used 2248K [0x00000000d5580000, 0x00000000d7000000, 0x0000000100000000)
  eden space 22016K, 0% used [0x00000000d5580000,0x00000000d5580000,0x00000000d6b00000)
  from space 2560K, 87% used [0x00000000d6b00000,0x00000000d6d32000,0x00000000d6d80000)
  to   space 2560K, 0% used [0x00000000d6d80000,0x00000000d6d80000,0x00000000d7000000)
 ParOldGen       total 68608K, used 31740K [0x0000000080000000, 0x0000000084300000, 0x00000000d5580000)
  object space 68608K, 46% used [0x0000000080000000,0x0000000081eff370,0x0000000084300000)
 Metaspace       used 38770K, committed 39808K, reserved 1114112K
  class space    used 3903K, committed 4352K, reserved 1048576K
}
Event: 15.550 GC heap before
{Heap before GC invocations=24 (full 2):
 PSYoungGen      total 24576K, used 24264K [0x00000000d5580000, 0x00000000d7000000, 0x0000000100000000)
  eden space 22016K, 100% used [0x00000000d5580000,0x00000000d6b00000,0x00000000d6b00000)
  from space 2560K, 87% used [0x00000000d6b00000,0x00000000d6d32000,0x00000000d6d80000)
  to   space 2560K, 0% used [0x00000000d6d80000,0x00000000d6d80000,0x00000000d7000000)
 ParOldGen       total 68608K, used 31740K [0x0000000080000000, 0x0000000084300000, 0x00000000d5580000)
  object space 68608K, 46% used [0x0000000080000000,0x0000000081eff370,0x0000000084300000)
 Metaspace       used 39392K, committed 40448K, reserved 1114112K
  class space    used 3939K, committed 4416K, reserved 1048576K
}
Event: 15.555 GC heap after
{Heap after GC invocations=24 (full 2):
 PSYoungGen      total 20992K, used 2546K [0x00000000d5580000, 0x00000000d7700000, 0x0000000100000000)
  eden space 18432K, 0% used [0x00000000d5580000,0x00000000d5580000,0x00000000d6780000)
  from space 2560K, 99% used [0x00000000d6d80000,0x00000000d6ffc990,0x00000000d7000000)
  to   space 6144K, 0% used [0x00000000d6780000,0x00000000d6780000,0x00000000d6d80000)
 ParOldGen       total 68608K, used 34678K [0x0000000080000000, 0x0000000084300000, 0x00000000d5580000)
  object space 68608K, 50% used [0x0000000080000000,0x00000000821dd888,0x0000000084300000)
 Metaspace       used 39392K, committed 40448K, reserved 1114112K
  class space    used 3939K, committed 4416K, reserved 1048576K
}
Event: 15.829 GC heap before
{Heap before GC invocations=25 (full 2):
 PSYoungGen      total 20992K, used 20891K [0x00000000d5580000, 0x00000000d7700000, 0x0000000100000000)
  eden space 18432K, 99% used [0x00000000d5580000,0x00000000d676a2f0,0x00000000d6780000)
  from space 2560K, 99% used [0x00000000d6d80000,0x00000000d6ffc990,0x00000000d7000000)
  to   space 6144K, 0% used [0x00000000d6780000,0x00000000d6780000,0x00000000d6d80000)
 ParOldGen       total 68608K, used 34678K [0x0000000080000000, 0x0000000084300000, 0x00000000d5580000)
  object space 68608K, 50% used [0x0000000080000000,0x00000000821dd888,0x0000000084300000)
 Metaspace       used 39410K, committed 40448K, reserved 1114112K
  class space    used 3939K, committed 4416K, reserved 1048576K
}
Event: 15.835 GC heap after
{Heap after GC invocations=25 (full 2):
 PSYoungGen      total 19968K, used 1033K [0x00000000d5580000, 0x00000000d6e00000, 0x0000000100000000)
  eden space 18432K, 0% used [0x00000000d5580000,0x00000000d5580000,0x00000000d6780000)
  from space 1536K, 67% used [0x00000000d6780000,0x00000000d6882738,0x00000000d6900000)
  to   space 3072K, 0% used [0x00000000d6b00000,0x00000000d6b00000,0x00000000d6e00000)
 ParOldGen       total 68608K, used 37048K [0x0000000080000000, 0x0000000084300000, 0x00000000d5580000)
  object space 68608K, 54% used [0x0000000080000000,0x000000008242e340,0x0000000084300000)
 Metaspace       used 39410K, committed 40448K, reserved 1114112K
  class space    used 3939K, committed 4416K, reserved 1048576K
}
Event: 16.511 GC heap before
{Heap before GC invocations=26 (full 2):
 PSYoungGen      total 19968K, used 19465K [0x00000000d5580000, 0x00000000d6e00000, 0x0000000100000000)
  eden space 18432K, 100% used [0x00000000d5580000,0x00000000d6780000,0x00000000d6780000)
  from space 1536K, 67% used [0x00000000d6780000,0x00000000d6882738,0x00000000d6900000)
  to   space 3072K, 0% used [0x00000000d6b00000,0x00000000d6b00000,0x00000000d6e00000)
 ParOldGen       total 68608K, used 37048K [0x0000000080000000, 0x0000000084300000, 0x00000000d5580000)
  object space 68608K, 54% used [0x0000000080000000,0x000000008242e340,0x0000000084300000)
 Metaspace       used 41557K, committed 42624K, reserved 1114112K
  class space    used 4144K, committed 4608K, reserved 1048576K
}
Event: 16.515 GC heap after
{Heap after GC invocations=26 (full 2):
 PSYoungGen      total 19456K, used 704K [0x00000000d5580000, 0x00000000d6c00000, 0x0000000100000000)
  eden space 18432K, 0% used [0x00000000d5580000,0x00000000d5580000,0x00000000d6780000)
  from space 1024K, 68% used [0x00000000d6b00000,0x00000000d6bb0000,0x00000000d6c00000)
  to   space 1536K, 0% used [0x00000000d6900000,0x00000000d6900000,0x00000000d6a80000)
 ParOldGen       total 68608K, used 37080K [0x0000000080000000, 0x0000000084300000, 0x00000000d5580000)
  object space 68608K, 54% used [0x0000000080000000,0x0000000082436340,0x0000000084300000)
 Metaspace       used 41557K, committed 42624K, reserved 1114112K
  class space    used 4144K, committed 4608K, reserved 1048576K
}
Event: 17.512 GC heap before
{Heap before GC invocations=27 (full 2):
 PSYoungGen      total 19456K, used 18880K [0x00000000d5580000, 0x00000000d6c00000, 0x0000000100000000)
  eden space 18432K, 98% used [0x00000000d5580000,0x00000000d67402f8,0x00000000d6780000)
  from space 1024K, 68% used [0x00000000d6b00000,0x00000000d6bb0000,0x00000000d6c00000)
  to   space 1536K, 0% used [0x00000000d6900000,0x00000000d6900000,0x00000000d6a80000)
 ParOldGen       total 68608K, used 37080K [0x0000000080000000, 0x0000000084300000, 0x00000000d5580000)
  object space 68608K, 54% used [0x0000000080000000,0x0000000082436340,0x0000000084300000)
 Metaspace       used 43963K, committed 45056K, reserved 1114112K
  class space    used 4396K, committed 4864K, reserved 1048576K
}
Event: 17.515 GC heap after
{Heap after GC invocations=27 (full 2):
 PSYoungGen      total 19968K, used 1441K [0x00000000d5580000, 0x00000000d6b80000, 0x0000000100000000)
  eden space 18432K, 0% used [0x00000000d5580000,0x00000000d5580000,0x00000000d6780000)
  from space 1536K, 93% used [0x00000000d6900000,0x00000000d6a68598,0x00000000d6a80000)
  to   space 1024K, 0% used [0x00000000d6a80000,0x00000000d6a80000,0x00000000d6b80000)
 ParOldGen       total 68608K, used 37448K [0x0000000080000000, 0x0000000084300000, 0x00000000d5580000)
  object space 68608K, 54% used [0x0000000080000000,0x0000000082492340,0x0000000084300000)
 Metaspace       used 43963K, committed 45056K, reserved 1114112K
  class space    used 4396K, committed 4864K, reserved 1048576K
}

